[debug] [2017-07-25T16:09:17.643Z] ----------------------------------------------------------------------
[debug] [2017-07-25T16:09:17.647Z] Command:      /usr/local/bin/node /usr/local/bin/firebase serve
[debug] [2017-07-25T16:09:17.647Z] CLI Version:  3.9.1
[debug] [2017-07-25T16:09:17.647Z] Platform:     darwin
[debug] [2017-07-25T16:09:17.647Z] Node Version: v4.5.0
[debug] [2017-07-25T16:09:17.648Z] Time:         Tue Jul 25 2017 09:09:17 GMT-0700 (PDT)
[debug] [2017-07-25T16:09:17.648Z] ----------------------------------------------------------------------
[debug] 
[debug] [2017-07-25T16:09:17.660Z] > command requires scopes: ["email","openid","https://www.googleapis.com/auth/cloudplatformprojects.readonly","https://www.googleapis.com/auth/firebase","https://www.googleapis.com/auth/cloud-platform"]
[debug] [2017-07-25T16:09:17.660Z] > authorizing via signed-in user
[debug] [2017-07-25T16:09:17.662Z] > refreshing access token with scopes: ["email","https://www.googleapis.com/auth/cloud-platform","https://www.googleapis.com/auth/cloudplatformprojects.readonly","https://www.googleapis.com/auth/firebase","openid"]
[debug] [2017-07-25T16:09:17.663Z] >>> HTTP REQUEST POST https://www.googleapis.com/oauth2/v3/token { refresh_token: '1/eCknLE65Dsxu8dV2kqXxnvnKEP5P7194tRvi9mTorzs',
  client_id: '563584335869-fgrhgmd47bqnekij5i8b5pr03ho849e6.apps.googleusercontent.com',
  client_secret: 'j9iVZfS8kkCEFUPaAeJV0sAi',
  grant_type: 'refresh_token',
  scope: 'email https://www.googleapis.com/auth/cloud-platform https://www.googleapis.com/auth/cloudplatformprojects.readonly https://www.googleapis.com/auth/firebase openid' } 
 Tue Jul 25 2017 09:09:17 GMT-0700 (PDT)
[debug] [2017-07-25T16:09:18.072Z] <<< HTTP RESPONSE 200
[debug] [2017-07-25T16:09:18.076Z] >>> HTTP REQUEST GET https://admin.firebase.com/v1/projects/glenda-174ee  
 Tue Jul 25 2017 09:09:18 GMT-0700 (PDT)
[debug] [2017-07-25T16:09:21.184Z] <<< HTTP RESPONSE 200
[debug] [2017-07-25T16:09:21.184Z] >>> HTTP REQUEST GET https://admin.firebase.com/v1/database/glenda-174ee/tokens  
 Tue Jul 25 2017 09:09:21 GMT-0700 (PDT)
[debug] [2017-07-25T16:09:23.026Z] <<< HTTP RESPONSE 200
[info] 
[info] === Serving from '/Users/glenda/Desktop/PLINK-interactives/plink-glendadrew'...
[info] 
[debug] [2017-07-25T16:09:23.030Z] >>> HTTP REQUEST GET https://cloudresourcemanager.googleapis.com/v1/projects/glenda-174ee  
 Tue Jul 25 2017 09:09:23 GMT-0700 (PDT)
[debug] [2017-07-25T16:09:23.556Z] <<< HTTP RESPONSE 200
[debug] [2017-07-25T16:09:23.557Z] >>> HTTP REQUEST GET https://mobilesdk-pa.googleapis.com/v1/projects/1035646158453/clients/_:getWebAppConfig  
 Tue Jul 25 2017 09:09:23 GMT-0700 (PDT)
[debug] [2017-07-25T16:09:25.188Z] <<< HTTP RESPONSE 200
[info] ✔  hosting: Local server: http://localhost:5000

